Thu 24 Aug 2023 12:16:38 AM UTC: 
 tests:  0|6
total_score: 0/70
9359820
Thu 24 Aug 2023 06:37:17 PM UTC: 
 list.c | 7 ++++++-
 1 file changed, 6 insertions(+), 1 deletion(-)
 tests:  1|5
total_score: 10/70
e2aa153
Thu 24 Aug 2023 06:38:43 PM UTC: 
 list.c | 6 ++++++
 1 file changed, 6 insertions(+)
In file included from test.c:5:
list.c: In function ‘firstList’:
list.c:41:10: error: ‘List’ {aka ‘struct List’} has no member named ‘prev’
   41 |   if(list->prev !=NULL){
      |          ^~
list.c:48:1: error: control reaches end of non-void function [-Werror=return-type]
   48 | }
      | ^
cc1: all warnings being treated as errors
Compilation failed
38d1ff7
Thu 24 Aug 2023 06:39:02 PM UTC: 
 list.c | 2 +-
 1 file changed, 1 insertion(+), 1 deletion(-)
In file included from test.c:5:
list.c: In function ‘firstList’:
list.c:41:12: error: ‘List’ {aka ‘struct List’} has no member named ‘heat’; did you mean ‘head’?
   41 |   if(list->heat !=NULL){
      |            ^~~~
      |            head
list.c:48:1: error: control reaches end of non-void function [-Werror=return-type]
   48 | }
      | ^
cc1: all warnings being treated as errors
Compilation failed
1cbc9fb
Thu 24 Aug 2023 06:39:15 PM UTC: 
 list.c | 2 +-
 1 file changed, 1 insertion(+), 1 deletion(-)
 tests:  2|5
total_score: 15/70
8ce69af
Thu 24 Aug 2023 06:40:17 PM UTC: 
 list.c | 2 --
 1 file changed, 2 deletions(-)
 tests:  2|5
total_score: 15/70
b7869d4
Thu 24 Aug 2023 06:41:42 PM UTC: 
 list.c | 4 ++++
 1 file changed, 4 insertions(+)
 tests:  0|0
73c0cc6
Thu 24 Aug 2023 06:41:58 PM UTC: 
 list.c | 2 +-
 1 file changed, 1 insertion(+), 1 deletion(-)
 tests:  5|4
total_score: 25/70
ba5252f
Thu 24 Aug 2023 06:42:12 PM UTC: 
 list.c | 2 +-
 1 file changed, 1 insertion(+), 1 deletion(-)
 tests:  0|0
07eceb3
Thu 24 Aug 2023 06:42:26 PM UTC: 
 list.c | 2 +-
 1 file changed, 1 insertion(+), 1 deletion(-)
 tests:  5|4
total_score: 25/70
652a5f8
Thu 24 Aug 2023 07:00:18 PM UTC: 
 list.c | 8 +++++++-
 1 file changed, 7 insertions(+), 1 deletion(-)
In file included from test.c:5:
list.c:56:8: error: redefinition of ‘firstList’
   56 | void * firstList(List * list) {
      |        ^~~~~~~~~
list.c:40:8: note: previous definition of ‘firstList’ was here
   40 | void * firstList(List * list) {
      |        ^~~~~~~~~
list.c: In function ‘firstList’:
list.c:59:25: error: ‘Node’ has no member named ‘head’
   59 |     return list->current->head;
      |                         ^~
list.c:64:1: error: control reaches end of non-void function [-Werror=return-type]
   64 | }
      | ^
cc1: all warnings being treated as errors
Compilation failed
60ca9d1
Thu 24 Aug 2023 07:00:34 PM UTC: 
 list.c | 2 +-
 1 file changed, 1 insertion(+), 1 deletion(-)
In file included from test.c:5:
list.c:56:8: error: redefinition of ‘firstList’
   56 | void * firstList(List * list) {
      |        ^~~~~~~~~
list.c:40:8: note: previous definition of ‘firstList’ was here
   40 | void * firstList(List * list) {
      |        ^~~~~~~~~
list.c: In function ‘firstList’:
list.c:58:24: error: ‘List’ {aka ‘struct List’} has no member named ‘data’
   58 |     list->current =list->data;
      |                        ^~
list.c:59:25: error: ‘Node’ has no member named ‘head’
   59 |     return list->current->head;
      |                         ^~
list.c:64:1: error: control reaches end of non-void function [-Werror=return-type]
   64 | }
      | ^
cc1: all warnings being treated as errors
Compilation failed
1bfc7b7
Thu 24 Aug 2023 07:00:42 PM UTC: 
 list.c | 4 ++--
 1 file changed, 2 insertions(+), 2 deletions(-)
In file included from test.c:5:
list.c:56:8: error: redefinition of ‘firstList’
   56 | void * firstList(List * list) {
      |        ^~~~~~~~~
list.c:40:8: note: previous definition of ‘firstList’ was here
   40 | void * firstList(List * list) {
      |        ^~~~~~~~~
list.c: In function ‘firstList’:
list.c:58:26: error: ‘List’ {aka ‘struct List’} has no member named ‘heat’; did you mean ‘head’?
   58 |     list->current =list->heat;
      |                          ^~~~
      |                          head
Compilation failed
e456f53
Thu 24 Aug 2023 07:00:49 PM UTC: 
 list.c | 2 +-
 1 file changed, 1 insertion(+), 1 deletion(-)
In file included from test.c:5:
list.c:56:8: error: redefinition of ‘firstList’
   56 | void * firstList(List * list) {
      |        ^~~~~~~~~
list.c:40:8: note: previous definition of ‘firstList’ was here
   40 | void * firstList(List * list) {
      |        ^~~~~~~~~
Compilation failed
079fd69
Thu 24 Aug 2023 07:01:58 PM UTC: 
 list.c | 8 ++++----
 1 file changed, 4 insertions(+), 4 deletions(-)
In file included from test.c:5:
list.c: In function ‘lastList’:
list.c:59:25: error: ‘Node’ has no member named ‘tail’
   59 |     return list->current->tail;
      |                         ^~
list.c:64:1: error: control reaches end of non-void function [-Werror=return-type]
   64 | }
      | ^
cc1: all warnings being treated as errors
Compilation failed
4309d9c
Thu 24 Aug 2023 07:02:29 PM UTC: 
 list.c | 2 +-
 1 file changed, 1 insertion(+), 1 deletion(-)
 tests:  6|4
total_score: 25/70
c74e00d
Thu 24 Aug 2023 07:08:49 PM UTC: 
 list.c | 6 ++++++
 1 file changed, 6 insertions(+)
 tests:  9|3
total_score: 35/70
bd9ceb8
Thu 24 Aug 2023 07:23:50 PM UTC: 
 list.c | 27 +++++++++++++++++++++++++++
 1 file changed, 27 insertions(+)
 tests:  10|2
total_score: 50/70
363f6e1
Thu 24 Aug 2023 07:25:33 PM UTC: 
 list.c | 4 ++--
 1 file changed, 2 insertions(+), 2 deletions(-)
 tests:  10|2
total_score: 50/70
e4b6913
Thu 24 Aug 2023 08:13:36 PM UTC: 
 list.c | 8 ++++++++
 1 file changed, 8 insertions(+)
 tests:  10|2
total_score: 50/70
794ff27
Thu 24 Aug 2023 08:14:12 PM UTC: 
 list.c | 2 ++
 1 file changed, 2 insertions(+)
In file included from test.c:5:
list.c: In function ‘pushFront’:
list.c:86:21: error: expected ‘;’ before ‘}’ token
   86 |   list->tail=newNode
      |                     ^
      |                     ;
   87 | }
      | ~                    
Compilation failed
3d02e40
Thu 24 Aug 2023 08:14:21 PM UTC: 
 list.c | 2 +-
 1 file changed, 1 insertion(+), 1 deletion(-)
 tests:  11|1
total_score: 60/70
a7ab395
Thu 24 Aug 2023 08:19:08 PM UTC: 
 list.c | 7 +++++--
 1 file changed, 5 insertions(+), 2 deletions(-)
 tests:  11|1
total_score: 60/70
ae8f6ec
Thu 24 Aug 2023 08:21:27 PM UTC: 
 list.c | 3 +--
 1 file changed, 1 insertion(+), 2 deletions(-)
 tests:  11|1
total_score: 60/70
759b2bd
Thu 24 Aug 2023 08:24:30 PM UTC: 
 list.c | 10 ++--------
 1 file changed, 2 insertions(+), 8 deletions(-)
In file included from test.c:5:
list.c: In function ‘pushCurrent’:
list.c:91:10: error: ‘Node’ has no member named ‘current’
   91 |   newNode->current=list->current;
      |          ^~
Compilation failed
0abef3b
Thu 24 Aug 2023 08:26:53 PM UTC: 
 list.c | 2 +-
 1 file changed, 1 insertion(+), 1 deletion(-)
In file included from test.c:5:
list.c: In function ‘pushCurrent’:
list.c:90:9: error: variable ‘newNode’ set but not used [-Werror=unused-but-set-variable]
   90 |   Node* newNode=createNode(data);
      |         ^~~~~~~
cc1: all warnings being treated as errors
Compilation failed
36ef251
Thu 24 Aug 2023 08:27:40 PM UTC: 
 list.c | 7 +++++--
 1 file changed, 5 insertions(+), 2 deletions(-)
In file included from test.c:5:
list.c: In function ‘pushBack’:
list.c:86:10: error: ‘Node’ has no member named ‘current’
   86 |   newNode->current=list->head;
      |          ^~
list.c: In function ‘pushCurrent’:
list.c:93:9: error: variable ‘newNode’ set but not used [-Werror=unused-but-set-variable]
   93 |   Node* newNode=createNode(data);
      |         ^~~~~~~
cc1: all warnings being treated as errors
Compilation failed
259fc87
Thu 24 Aug 2023 08:40:50 PM UTC: 
 list.c | 26 ++++++++++++++++++++------
 1 file changed, 20 insertions(+), 6 deletions(-)
In file included from test.c:5:
list.c: In function ‘pushBack’:
list.c:86:6: error: ‘lista’ undeclared (first use in this function); did you mean ‘list’?
   86 |   if(lista->tail==NULL){
      |      ^~~~~
      |      list
list.c:86:6: note: each undeclared identifier is reported only once for each function it appears in
list.c:93:16: error: ‘NewNode’ undeclared (first use in this function); did you mean ‘newNode’?
   93 |     list->tail=NewNode;
      |                ^~~~~~~
      |                newNode
list.c: In function ‘pushCurrent’:
list.c:98:6: error: ‘lista’ undeclared (first use in this function); did you mean ‘list’?
   98 |   if(lista->current==NULL){
      |      ^~~~~
      |      list
Compilation failed
bb151cc
Thu 24 Aug 2023 08:41:09 PM UTC: 
 list.c | 2 +-
 1 file changed, 1 insertion(+), 1 deletion(-)
In file included from test.c:5:
list.c: In function ‘pushBack’:
list.c:86:6: error: ‘lista’ undeclared (first use in this function); did you mean ‘list’?
   86 |   if(lista->tail==NULL){
      |      ^~~~~
      |      list
list.c:86:6: note: each undeclared identifier is reported only once for each function it appears in
list.c:93:16: error: ‘NewNode’ undeclared (first use in this function); did you mean ‘newNode’?
   93 |     list->tail=NewNode;
      |                ^~~~~~~
      |                newNode
Compilation failed
73b2dc3
Thu 24 Aug 2023 08:41:17 PM UTC: 
 list.c | 2 +-
 1 file changed, 1 insertion(+), 1 deletion(-)
In file included from test.c:5:
list.c: In function ‘pushBack’:
list.c:93:16: error: ‘NewNode’ undeclared (first use in this function); did you mean ‘newNode’?
   93 |     list->tail=NewNode;
      |                ^~~~~~~
      |                newNode
list.c:93:16: note: each undeclared identifier is reported only once for each function it appears in
Compilation failed
5c44592
Thu 24 Aug 2023 08:41:40 PM UTC: 
 list.c | 2 +-
 1 file changed, 1 insertion(+), 1 deletion(-)
 tests:  11|1
total_score: 60/70
4af3b6b
Thu 24 Aug 2023 08:44:50 PM UTC: 
 list.c | 8 +++++++-
 1 file changed, 7 insertions(+), 1 deletion(-)
In file included from test.c:5:
list.c: In function ‘pushCurrent’:
list.c:111:17: error: expected identifier before ‘=’ token
  111 |     list->tail->=newNode;
      |                 ^
Compilation failed
177c95c
Thu 24 Aug 2023 08:44:58 PM UTC: 
 list.c | 2 +-
 1 file changed, 1 insertion(+), 1 deletion(-)
 tests:  12|0
total_score: 70/70
dcaff51
Thu 24 Aug 2023 08:50:19 PM UTC: 
 list.c | 4 ++--
 1 file changed, 2 insertions(+), 2 deletions(-)
 tests:  12|0
total_score: 70/70
3f7a244
Thu 24 Aug 2023 08:54:15 PM UTC: 
 list.c | 14 +++-----------
 1 file changed, 3 insertions(+), 11 deletions(-)
In file included from test.c:5:
list.c: In function ‘pushCurrent’:
list.c:102:3: error: expected expression before ‘else’
  102 |   else{
      |   ^~~~
Compilation failed
68f8b91
